[debug] [2025-02-06T04:25:25.034Z] ----------------------------------------------------------------------
[debug] [2025-02-06T04:25:25.037Z] Command:       C:\Program Files\nodejs\node.exe C:\Users\Venu\AppData\Roaming\npm\node_modules\firebase-tools\lib\bin\firebase.js init
[debug] [2025-02-06T04:25:25.037Z] CLI Version:   13.30.0
[debug] [2025-02-06T04:25:25.037Z] Platform:      win32
[debug] [2025-02-06T04:25:25.038Z] Node Version:  v20.17.0
[debug] [2025-02-06T04:25:25.038Z] Time:          Thu Feb 06 2025 09:55:25 GMT+0530 (India Standard Time)
[debug] [2025-02-06T04:25:25.038Z] ----------------------------------------------------------------------
[debug] 
[debug] [2025-02-06T04:25:25.046Z] > command requires scopes: ["email","openid","https://www.googleapis.com/auth/cloudplatformprojects.readonly","https://www.googleapis.com/auth/firebase","https://www.googleapis.com/auth/cloud-platform"]
[debug] [2025-02-06T04:25:25.047Z] > authorizing via signed-in user (vishnukvofficial1@gmail.com)
[info] 
     ######## #### ########  ######## ########     ###     ######  ########
     ##        ##  ##     ## ##       ##     ##  ##   ##  ##       ##
     ######    ##  ########  ######   ########  #########  ######  ######
     ##        ##  ##    ##  ##       ##     ## ##     ##       ## ##
     ##       #### ##     ## ######## ########  ##     ##  ######  ########

You're about to initialize a Firebase project in this directory:

  D:\MyProfile

[info] 
=== Project Setup
[info] 
[info] First, let's associate this project directory with a Firebase project.
[info] You can create multiple project aliases by running firebase use --add, 
[info] but for now we'll just set up a default project.
[info] 
[debug] [2025-02-06T04:25:38.936Z] Checked if tokens are valid: true, expires at: 1738818271016
[debug] [2025-02-06T04:25:38.937Z] Checked if tokens are valid: true, expires at: 1738818271016
[debug] [2025-02-06T04:25:38.941Z] >>> [apiv2][query] GET https://firebase.googleapis.com/v1beta1/projects pageSize=100
[debug] [2025-02-06T04:25:40.048Z] <<< [apiv2][status] GET https://firebase.googleapis.com/v1beta1/projects 200
[debug] [2025-02-06T04:25:40.049Z] <<< [apiv2][body] GET https://firebase.googleapis.com/v1beta1/projects [omitted]
